Connecting to database specified by database.yml
  [1m[36m (0.1ms)[0m  [1mselect sqlite_version(*)[0m
  [1m[35m (25.8ms)[0m  CREATE TABLE "schema_migrations" ("version" varchar(255) NOT NULL) 
  [1m[36m (0.0ms)[0m  [1mPRAGMA index_list("schema_migrations")[0m
  [1m[35m (4.2ms)[0m  CREATE UNIQUE INDEX "unique_schema_migrations" ON "schema_migrations" ("version")
  [1m[36m (0.1ms)[0m  [1mSELECT "schema_migrations"."version" FROM "schema_migrations" [0m
Migrating to CreateStatuses (20121030022539)
  [1m[35m (0.0ms)[0m  begin transaction
  [1m[36m (0.3ms)[0m  [1mCREATE TABLE "statuses" ("id" INTEGER PRIMARY KEY AUTOINCREMENT NOT NULL, "message" varchar(255), "created_at" datetime NOT NULL, "updated_at" datetime NOT NULL) [0m
  [1m[35m (0.1ms)[0m  INSERT INTO "schema_migrations" ("version") VALUES ('20121030022539')
  [1m[36m (4.5ms)[0m  [1mcommit transaction[0m
Migrating to CreateUsers (20121031025436)
  [1m[35m (0.0ms)[0m  begin transaction
  [1m[36m (0.3ms)[0m  [1mCREATE TABLE "users" ("id" INTEGER PRIMARY KEY AUTOINCREMENT NOT NULL, "username" varchar(255), "password" varchar(255), "first_name" varchar(255), "last_name" varchar(255), "email" varchar(255), "address" varchar(255), "phone" integer, "admin" integer, "birthday" datetime, "created_at" datetime NOT NULL, "updated_at" datetime NOT NULL) [0m
  [1m[35m (0.1ms)[0m  INSERT INTO "schema_migrations" ("version") VALUES ('20121031025436')
  [1m[36m (6.3ms)[0m  [1mcommit transaction[0m
Migrating to CreatePrivateMessages (20121103045152)
  [1m[35m (0.0ms)[0m  begin transaction
  [1m[36m (0.4ms)[0m  [1mCREATE TABLE "private_messages" ("id" INTEGER PRIMARY KEY AUTOINCREMENT NOT NULL, "user" integer, "from" integer, "message" varchar(255), "date" datetime, "read" boolean, "subject" varchar(255)) [0m
  [1m[35m (0.1ms)[0m  INSERT INTO "schema_migrations" ("version") VALUES ('20121103045152')
  [1m[36m (5.1ms)[0m  [1mcommit transaction[0m
  [1m[35m (0.3ms)[0m  select sqlite_version(*)
  [1m[36m (0.1ms)[0m  [1mSELECT "schema_migrations"."version" FROM "schema_migrations" [0m
  [1m[35m (0.0ms)[0m  PRAGMA index_list("private_messages")
  [1m[36m (0.0ms)[0m  [1mPRAGMA index_list("statuses")[0m
  [1m[35m (0.0ms)[0m  PRAGMA index_list("users")


Started GET "/users/" for 127.0.0.1 at 2012-11-03 23:09:13 -0700
Connecting to database specified by database.yml
Processing by UsersController#index as HTML
  [1m[36mUser Load (0.1ms)[0m  [1mSELECT "users".* FROM "users" [0m
  Rendered users/index.html.haml within layouts/application (3.0ms)
Compiled jquery.js  (3ms)  (pid 2160)
Compiled jquery_ujs.js  (0ms)  (pid 2160)
Compiled bootstrap.js  (0ms)  (pid 2160)
Compiled bootstrap.js  (383ms)  (pid 2160)
Compiled log_in.js  (327ms)  (pid 2160)
Compiled private_messages.js  (297ms)  (pid 2160)
Compiled profiles.js  (294ms)  (pid 2160)
Compiled searches.js  (317ms)  (pid 2160)
Compiled statuses.js  (306ms)  (pid 2160)
Compiled application.js  (2143ms)  (pid 2160)
Completed 200 OK in 2363ms (Views: 2307.7ms | ActiveRecord: 4.1ms)


Started GET "/assets/bootstrap.css" for 127.0.0.1 at 2012-11-03 23:09:16 -0700
Compiled bootstrap.css  (3ms)  (pid 2160)
Served asset /bootstrap.css - 200 OK (66ms)


Started GET "/assets/global.css" for 127.0.0.1 at 2012-11-03 23:09:16 -0700
Compiled global.css  (80ms)  (pid 2160)
Served asset /global.css - 200 OK (95ms)


Started GET "/assets/bootstrap-responsive.css" for 127.0.0.1 at 2012-11-03 23:09:16 -0700
Compiled bootstrap-responsive.css  (0ms)  (pid 2160)
Served asset /bootstrap-responsive.css - 200 OK (20ms)


Started GET "/assets/jquery.js?body=1" for 127.0.0.1 at 2012-11-03 23:09:16 -0700
Served asset /jquery.js - 200 OK (42ms)


Started GET "/assets/jquery_ujs.js?body=1" for 127.0.0.1 at 2012-11-03 23:09:16 -0700
Served asset /jquery_ujs.js - 200 OK (14ms)


Started GET "/assets/bootstrap.js?body=1" for 127.0.0.1 at 2012-11-03 23:09:16 -0700
Served asset /bootstrap.js - 200 OK (33ms)


Started GET "/assets/log_in.js?body=1" for 127.0.0.1 at 2012-11-03 23:09:16 -0700
Served asset /log_in.js - 200 OK (1ms)


Started GET "/assets/private_messages.js?body=1" for 127.0.0.1 at 2012-11-03 23:09:16 -0700
Served asset /private_messages.js - 200 OK (1ms)


Started GET "/assets/profiles.js?body=1" for 127.0.0.1 at 2012-11-03 23:09:16 -0700
Served asset /profiles.js - 200 OK (7ms)


Started GET "/assets/searches.js?body=1" for 127.0.0.1 at 2012-11-03 23:09:16 -0700
Served asset /searches.js - 200 OK (13ms)


Started GET "/assets/statuses.js?body=1" for 127.0.0.1 at 2012-11-03 23:09:16 -0700
Served asset /statuses.js - 200 OK (5ms)


Started GET "/assets/application.js?body=1" for 127.0.0.1 at 2012-11-03 23:09:16 -0700
Served asset /application.js - 200 OK (66ms)


Started GET "/assets/bootstrap.js?body=1" for 127.0.0.1 at 2012-11-03 23:09:16 -0700
Served asset /bootstrap.js - 304 Not Modified (0ms)


Started GET "/assets/ico/favicon.ico" for 127.0.0.1 at 2012-11-03 23:09:16 -0700
Served asset /ico/favicon.ico - 404 Not Found (7ms)

ActionController::RoutingError (No route matches [GET] "/assets/ico/favicon.ico"):
  actionpack (3.2.8) lib/action_dispatch/middleware/debug_exceptions.rb:21:in `call'
  actionpack (3.2.8) lib/action_dispatch/middleware/show_exceptions.rb:56:in `call'
  railties (3.2.8) lib/rails/rack/logger.rb:26:in `call_app'
  railties (3.2.8) lib/rails/rack/logger.rb:16:in `call'
  actionpack (3.2.8) lib/action_dispatch/middleware/request_id.rb:22:in `call'
  rack (1.4.1) lib/rack/methodoverride.rb:21:in `call'
  rack (1.4.1) lib/rack/runtime.rb:17:in `call'
  activesupport (3.2.8) lib/active_support/cache/strategy/local_cache.rb:72:in `call'
  rack (1.4.1) lib/rack/lock.rb:15:in `call'
  actionpack (3.2.8) lib/action_dispatch/middleware/static.rb:62:in `call'
  railties (3.2.8) lib/rails/engine.rb:479:in `call'
  railties (3.2.8) lib/rails/application.rb:223:in `call'
  rack (1.4.1) lib/rack/content_length.rb:14:in `call'
  railties (3.2.8) lib/rails/rack/log_tailer.rb:17:in `call'
  rack (1.4.1) lib/rack/handler/webrick.rb:59:in `service'
  /home/apple/.rvm/rubies/ruby-1.9.2-p320/lib/ruby/1.9.1/webrick/httpserver.rb:111:in `service'
  /home/apple/.rvm/rubies/ruby-1.9.2-p320/lib/ruby/1.9.1/webrick/httpserver.rb:70:in `run'
  /home/apple/.rvm/rubies/ruby-1.9.2-p320/lib/ruby/1.9.1/webrick/server.rb:183:in `block in start_thread'


  Rendered /home/apple/.rvm/gems/ruby-1.9.2-p320/gems/actionpack-3.2.8/lib/action_dispatch/middleware/templates/rescues/routing_error.erb within rescues/layout (0.7ms)


Started GET "/assets/ico/favicon.ico" for 127.0.0.1 at 2012-11-03 23:09:16 -0700
Served asset /ico/favicon.ico - 404 Not Found (11ms)

ActionController::RoutingError (No route matches [GET] "/assets/ico/favicon.ico"):
  actionpack (3.2.8) lib/action_dispatch/middleware/debug_exceptions.rb:21:in `call'
  actionpack (3.2.8) lib/action_dispatch/middleware/show_exceptions.rb:56:in `call'
  railties (3.2.8) lib/rails/rack/logger.rb:26:in `call_app'
  railties (3.2.8) lib/rails/rack/logger.rb:16:in `call'
  actionpack (3.2.8) lib/action_dispatch/middleware/request_id.rb:22:in `call'
  rack (1.4.1) lib/rack/methodoverride.rb:21:in `call'
  rack (1.4.1) lib/rack/runtime.rb:17:in `call'
  activesupport (3.2.8) lib/active_support/cache/strategy/local_cache.rb:72:in `call'
  rack (1.4.1) lib/rack/lock.rb:15:in `call'
  actionpack (3.2.8) lib/action_dispatch/middleware/static.rb:62:in `call'
  railties (3.2.8) lib/rails/engine.rb:479:in `call'
  railties (3.2.8) lib/rails/application.rb:223:in `call'
  rack (1.4.1) lib/rack/content_length.rb:14:in `call'
  railties (3.2.8) lib/rails/rack/log_tailer.rb:17:in `call'
  rack (1.4.1) lib/rack/handler/webrick.rb:59:in `service'
  /home/apple/.rvm/rubies/ruby-1.9.2-p320/lib/ruby/1.9.1/webrick/httpserver.rb:111:in `service'
  /home/apple/.rvm/rubies/ruby-1.9.2-p320/lib/ruby/1.9.1/webrick/httpserver.rb:70:in `run'
  /home/apple/.rvm/rubies/ruby-1.9.2-p320/lib/ruby/1.9.1/webrick/server.rb:183:in `block in start_thread'


  Rendered /home/apple/.rvm/gems/ruby-1.9.2-p320/gems/actionpack-3.2.8/lib/action_dispatch/middleware/templates/rescues/routing_error.erb within rescues/layout (0.5ms)


Started GET "/users/new" for 127.0.0.1 at 2012-11-03 23:09:19 -0700
Processing by UsersController#new as HTML
  Rendered users/new.html.haml within layouts/application (22.3ms)
Completed 200 OK in 29ms (Views: 28.2ms | ActiveRecord: 0.0ms)


Started GET "/assets/jquery.js?body=1" for 127.0.0.1 at 2012-11-03 23:09:19 -0700
Served asset /jquery.js - 304 Not Modified (33ms)


Started GET "/assets/log_in.js?body=1" for 127.0.0.1 at 2012-11-03 23:09:19 -0700
Served asset /log_in.js - 304 Not Modified (0ms)


Started GET "/assets/bootstrap.js?body=1" for 127.0.0.1 at 2012-11-03 23:09:19 -0700
Served asset /bootstrap.js - 304 Not Modified (0ms)


Started GET "/assets/jquery_ujs.js?body=1" for 127.0.0.1 at 2012-11-03 23:09:19 -0700
Served asset /jquery_ujs.js - 304 Not Modified (0ms)


Started GET "/assets/private_messages.js?body=1" for 127.0.0.1 at 2012-11-03 23:09:19 -0700
Served asset /private_messages.js - 304 Not Modified (0ms)


Started GET "/assets/profiles.js?body=1" for 127.0.0.1 at 2012-11-03 23:09:19 -0700
Served asset /profiles.js - 304 Not Modified (0ms)


Started GET "/assets/searches.js?body=1" for 127.0.0.1 at 2012-11-03 23:09:19 -0700
Served asset /searches.js - 304 Not Modified (0ms)


Started GET "/assets/statuses.js?body=1" for 127.0.0.1 at 2012-11-03 23:09:19 -0700
Served asset /statuses.js - 304 Not Modified (0ms)


Started GET "/assets/application.js?body=1" for 127.0.0.1 at 2012-11-03 23:09:19 -0700
Served asset /application.js - 304 Not Modified (11ms)


Started GET "/assets/bootstrap.js?body=1" for 127.0.0.1 at 2012-11-03 23:09:19 -0700
Served asset /bootstrap.js - 304 Not Modified (0ms)


Started POST "/users" for 127.0.0.1 at 2012-11-03 23:09:43 -0700
Processing by UsersController#create as HTML
  Parameters: {"utf8"=>"✓", "authenticity_token"=>"PM01IXcEGE91RErnry1NnHG0CqQ1xq/YEexaGVUxlJA=", "user"=>{"username"=>"ysugiant", "password"=>"[FILTERED]", "first_name"=>"Yos", "last_name"=>"Sugianto", "email"=>"ysugiant@ucsd.edu", "address"=>"", "phone"=>"", "birthday(1i)"=>"2012", "birthday(2i)"=>"11", "birthday(3i)"=>"4"}, "commit"=>"Register User"}
  [1m[35m (0.2ms)[0m  begin transaction
  [1m[36mSQL (10.2ms)[0m  [1mINSERT INTO "users" ("address", "admin", "birthday", "created_at", "email", "first_name", "last_name", "password", "phone", "updated_at", "username") VALUES (?, ?, ?, ?, ?, ?, ?, ?, ?, ?, ?)[0m  [["address", ""], ["admin", 0], ["birthday", Sun, 04 Nov 2012 00:00:00 UTC +00:00], ["created_at", Sun, 04 Nov 2012 06:09:43 UTC +00:00], ["email", "ysugiant@ucsd.edu"], ["first_name", "Yos"], ["last_name", "Sugianto"], ["password", "password"], ["phone", 1234567890], ["updated_at", Sun, 04 Nov 2012 06:09:43 UTC +00:00], ["username", "ysugiant"]]
  [1m[35m (7.9ms)[0m  commit transaction
Redirected to http://localhost:3000/users
Completed 302 Found in 31ms (ActiveRecord: 18.3ms)


Started GET "/users" for 127.0.0.1 at 2012-11-03 23:09:43 -0700
Processing by UsersController#index as HTML
  [1m[36mUser Load (0.2ms)[0m  [1mSELECT "users".* FROM "users" [0m
  Rendered users/index.html.haml within layouts/application (1.0ms)
Completed 200 OK in 18ms (Views: 15.9ms | ActiveRecord: 0.2ms)


Started GET "/assets/bootstrap.css" for 127.0.0.1 at 2012-11-03 23:09:43 -0700
Served asset /bootstrap.css - 304 Not Modified (0ms)


Started GET "/assets/jquery_ujs.js?body=1" for 127.0.0.1 at 2012-11-03 23:09:43 -0700
Served asset /jquery_ujs.js - 304 Not Modified (0ms)


Started GET "/assets/jquery.js?body=1" for 127.0.0.1 at 2012-11-03 23:09:43 -0700
Served asset /jquery.js - 304 Not Modified (1ms)


Started GET "/assets/bootstrap-responsive.css" for 127.0.0.1 at 2012-11-03 23:09:43 -0700
Served asset /bootstrap-responsive.css - 304 Not Modified (8ms)


Started GET "/assets/bootstrap.js?body=1" for 127.0.0.1 at 2012-11-03 23:09:43 -0700
Served asset /bootstrap.js - 304 Not Modified (0ms)


Started GET "/assets/global.css" for 127.0.0.1 at 2012-11-03 23:09:43 -0700
Served asset /global.css - 304 Not Modified (0ms)


Started GET "/assets/application.js?body=1" for 127.0.0.1 at 2012-11-03 23:09:43 -0700
Served asset /application.js - 304 Not Modified (3ms)


Started GET "/assets/private_messages.js?body=1" for 127.0.0.1 at 2012-11-03 23:09:43 -0700
Served asset /private_messages.js - 304 Not Modified (0ms)


Started GET "/assets/profiles.js?body=1" for 127.0.0.1 at 2012-11-03 23:09:43 -0700
Served asset /profiles.js - 304 Not Modified (0ms)


Started GET "/assets/statuses.js?body=1" for 127.0.0.1 at 2012-11-03 23:09:43 -0700
Served asset /statuses.js - 304 Not Modified (0ms)


Started GET "/assets/searches.js?body=1" for 127.0.0.1 at 2012-11-03 23:09:43 -0700
Served asset /searches.js - 304 Not Modified (0ms)


Started GET "/assets/log_in.js?body=1" for 127.0.0.1 at 2012-11-03 23:09:43 -0700
Served asset /log_in.js - 304 Not Modified (0ms)


Started GET "/assets/bootstrap.js?body=1" for 127.0.0.1 at 2012-11-03 23:09:43 -0700
Served asset /bootstrap.js - 304 Not Modified (0ms)


Started GET "/users/1/edit" for 127.0.0.1 at 2012-11-03 23:09:46 -0700
Processing by UsersController#edit as HTML
  Parameters: {"id"=>"1"}
  [1m[35mUser Load (0.2ms)[0m  SELECT "users".* FROM "users" WHERE "users"."id" = ? LIMIT 1  [["id", "1"]]
  Rendered users/edit.html.haml within layouts/application (13.9ms)
Completed 200 OK in 21ms (Views: 18.7ms | ActiveRecord: 0.2ms)


Started GET "/assets/bootstrap.css" for 127.0.0.1 at 2012-11-03 23:09:46 -0700
Served asset /bootstrap.css - 304 Not Modified (0ms)


Started GET "/assets/jquery.js?body=1" for 127.0.0.1 at 2012-11-03 23:09:46 -0700
Served asset /jquery.js - 304 Not Modified (1ms)


Started GET "/assets/bootstrap.js?body=1" for 127.0.0.1 at 2012-11-03 23:09:46 -0700
Served asset /bootstrap.js - 304 Not Modified (0ms)


Started GET "/assets/bootstrap-responsive.css" for 127.0.0.1 at 2012-11-03 23:09:46 -0700
Served asset /bootstrap-responsive.css - 304 Not Modified (3ms)


Started GET "/assets/global.css" for 127.0.0.1 at 2012-11-03 23:09:46 -0700
Served asset /global.css - 304 Not Modified (0ms)


Started GET "/assets/jquery_ujs.js?body=1" for 127.0.0.1 at 2012-11-03 23:09:46 -0700
Served asset /jquery_ujs.js - 304 Not Modified (0ms)


Started GET "/assets/log_in.js?body=1" for 127.0.0.1 at 2012-11-03 23:09:46 -0700
Served asset /log_in.js - 304 Not Modified (0ms)


Started GET "/assets/profiles.js?body=1" for 127.0.0.1 at 2012-11-03 23:09:46 -0700
Served asset /profiles.js - 304 Not Modified (0ms)


Started GET "/assets/private_messages.js?body=1" for 127.0.0.1 at 2012-11-03 23:09:46 -0700
Served asset /private_messages.js - 304 Not Modified (4ms)


Started GET "/assets/statuses.js?body=1" for 127.0.0.1 at 2012-11-03 23:09:46 -0700
Served asset /statuses.js - 304 Not Modified (4ms)


Started GET "/assets/searches.js?body=1" for 127.0.0.1 at 2012-11-03 23:09:46 -0700
Served asset /searches.js - 304 Not Modified (1ms)


Started GET "/assets/application.js?body=1" for 127.0.0.1 at 2012-11-03 23:09:46 -0700
Served asset /application.js - 304 Not Modified (6ms)


Started GET "/assets/bootstrap.js?body=1" for 127.0.0.1 at 2012-11-03 23:09:47 -0700
Served asset /bootstrap.js - 304 Not Modified (0ms)


Started GET "/users/assets/ico/favicon.ico" for 127.0.0.1 at 2012-11-03 23:09:47 -0700

ActionController::RoutingError (No route matches [GET] "/users/assets/ico/favicon.ico"):
  actionpack (3.2.8) lib/action_dispatch/middleware/debug_exceptions.rb:21:in `call'
  actionpack (3.2.8) lib/action_dispatch/middleware/show_exceptions.rb:56:in `call'
  railties (3.2.8) lib/rails/rack/logger.rb:26:in `call_app'
  railties (3.2.8) lib/rails/rack/logger.rb:16:in `call'
  actionpack (3.2.8) lib/action_dispatch/middleware/request_id.rb:22:in `call'
  rack (1.4.1) lib/rack/methodoverride.rb:21:in `call'
  rack (1.4.1) lib/rack/runtime.rb:17:in `call'
  activesupport (3.2.8) lib/active_support/cache/strategy/local_cache.rb:72:in `call'
  rack (1.4.1) lib/rack/lock.rb:15:in `call'
  actionpack (3.2.8) lib/action_dispatch/middleware/static.rb:62:in `call'
  railties (3.2.8) lib/rails/engine.rb:479:in `call'
  railties (3.2.8) lib/rails/application.rb:223:in `call'
  rack (1.4.1) lib/rack/content_length.rb:14:in `call'
  railties (3.2.8) lib/rails/rack/log_tailer.rb:17:in `call'
  rack (1.4.1) lib/rack/handler/webrick.rb:59:in `service'
  /home/apple/.rvm/rubies/ruby-1.9.2-p320/lib/ruby/1.9.1/webrick/httpserver.rb:111:in `service'
  /home/apple/.rvm/rubies/ruby-1.9.2-p320/lib/ruby/1.9.1/webrick/httpserver.rb:70:in `run'
  /home/apple/.rvm/rubies/ruby-1.9.2-p320/lib/ruby/1.9.1/webrick/server.rb:183:in `block in start_thread'


  Rendered /home/apple/.rvm/gems/ruby-1.9.2-p320/gems/actionpack-3.2.8/lib/action_dispatch/middleware/templates/rescues/routing_error.erb within rescues/layout (0.5ms)


Started GET "/users/assets/ico/favicon.ico" for 127.0.0.1 at 2012-11-03 23:09:47 -0700

ActionController::RoutingError (No route matches [GET] "/users/assets/ico/favicon.ico"):
  actionpack (3.2.8) lib/action_dispatch/middleware/debug_exceptions.rb:21:in `call'
  actionpack (3.2.8) lib/action_dispatch/middleware/show_exceptions.rb:56:in `call'
  railties (3.2.8) lib/rails/rack/logger.rb:26:in `call_app'
  railties (3.2.8) lib/rails/rack/logger.rb:16:in `call'
  actionpack (3.2.8) lib/action_dispatch/middleware/request_id.rb:22:in `call'
  rack (1.4.1) lib/rack/methodoverride.rb:21:in `call'
  rack (1.4.1) lib/rack/runtime.rb:17:in `call'
  activesupport (3.2.8) lib/active_support/cache/strategy/local_cache.rb:72:in `call'
  rack (1.4.1) lib/rack/lock.rb:15:in `call'
  actionpack (3.2.8) lib/action_dispatch/middleware/static.rb:62:in `call'
  railties (3.2.8) lib/rails/engine.rb:479:in `call'
  railties (3.2.8) lib/rails/application.rb:223:in `call'
  rack (1.4.1) lib/rack/content_length.rb:14:in `call'
  railties (3.2.8) lib/rails/rack/log_tailer.rb:17:in `call'
  rack (1.4.1) lib/rack/handler/webrick.rb:59:in `service'
  /home/apple/.rvm/rubies/ruby-1.9.2-p320/lib/ruby/1.9.1/webrick/httpserver.rb:111:in `service'
  /home/apple/.rvm/rubies/ruby-1.9.2-p320/lib/ruby/1.9.1/webrick/httpserver.rb:70:in `run'
  /home/apple/.rvm/rubies/ruby-1.9.2-p320/lib/ruby/1.9.1/webrick/server.rb:183:in `block in start_thread'


  Rendered /home/apple/.rvm/gems/ruby-1.9.2-p320/gems/actionpack-3.2.8/lib/action_dispatch/middleware/templates/rescues/routing_error.erb within rescues/layout (0.6ms)


Started GET "/log_in" for 127.0.0.1 at 2012-11-03 23:09:55 -0700
Processing by LogInController#index as HTML
  [1m[36mUser Load (0.2ms)[0m  [1mSELECT "users".* FROM "users" [0m
  Rendered log_in/index.html.haml within layouts/application (3.5ms)
Completed 200 OK in 12ms (Views: 10.4ms | ActiveRecord: 0.2ms)


Started GET "/assets/bootstrap.css" for 127.0.0.1 at 2012-11-03 23:09:55 -0700
Served asset /bootstrap.css - 304 Not Modified (0ms)


Started GET "/assets/bootstrap-responsive.css" for 127.0.0.1 at 2012-11-03 23:09:55 -0700
Served asset /bootstrap-responsive.css - 304 Not Modified (0ms)


Started GET "/assets/global.css" for 127.0.0.1 at 2012-11-03 23:09:55 -0700
Served asset /global.css - 304 Not Modified (0ms)


Started GET "/assets/jquery_ujs.js?body=1" for 127.0.0.1 at 2012-11-03 23:09:55 -0700
Served asset /jquery_ujs.js - 304 Not Modified (0ms)


Started GET "/assets/jquery.js?body=1" for 127.0.0.1 at 2012-11-03 23:09:55 -0700
Served asset /jquery.js - 304 Not Modified (15ms)


Started GET "/assets/bootstrap.js?body=1" for 127.0.0.1 at 2012-11-03 23:09:55 -0700
Served asset /bootstrap.js - 304 Not Modified (0ms)


Started GET "/assets/log_in.js?body=1" for 127.0.0.1 at 2012-11-03 23:09:56 -0700
Served asset /log_in.js - 304 Not Modified (0ms)


Started GET "/assets/private_messages.js?body=1" for 127.0.0.1 at 2012-11-03 23:09:56 -0700
Served asset /private_messages.js - 304 Not Modified (0ms)


Started GET "/assets/profiles.js?body=1" for 127.0.0.1 at 2012-11-03 23:09:56 -0700
Served asset /profiles.js - 304 Not Modified (0ms)


Started GET "/assets/searches.js?body=1" for 127.0.0.1 at 2012-11-03 23:09:56 -0700
Served asset /searches.js - 304 Not Modified (0ms)


Started GET "/assets/statuses.js?body=1" for 127.0.0.1 at 2012-11-03 23:09:56 -0700
Served asset /statuses.js - 304 Not Modified (0ms)


Started GET "/assets/application.js?body=1" for 127.0.0.1 at 2012-11-03 23:09:56 -0700
Served asset /application.js - 304 Not Modified (13ms)


Started GET "/assets/bootstrap.js?body=1" for 127.0.0.1 at 2012-11-03 23:09:56 -0700
Served asset /bootstrap.js - 304 Not Modified (0ms)


Started POST "/log_in" for 127.0.0.1 at 2012-11-03 23:10:04 -0700
Processing by LogInController#create as HTML
  Parameters: {"utf8"=>"✓", "authenticity_token"=>"PM01IXcEGE91RErnry1NnHG0CqQ1xq/YEexaGVUxlJA=", "user"=>{"username"=>"ysugiant", "password"=>"[FILTERED]"}}
  [1m[35mUser Load (0.2ms)[0m  SELECT "users".* FROM "users" WHERE "users"."username" = 'ysugiant' AND "users"."password" = 'password' LIMIT 1
Redirected to http://localhost:3000/profiles
Completed 302 Found in 36ms (ActiveRecord: 0.2ms)


Started GET "/profiles" for 127.0.0.1 at 2012-11-03 23:10:04 -0700
Processing by ProfilesController#index as HTML
  Rendered profiles/index.html.erb within layouts/application (0.5ms)
Completed 200 OK in 6ms (Views: 5.5ms | ActiveRecord: 0.0ms)


Started GET "/assets/bootstrap.css" for 127.0.0.1 at 2012-11-03 23:10:04 -0700
Served asset /bootstrap.css - 304 Not Modified (0ms)


Started GET "/assets/bootstrap-responsive.css" for 127.0.0.1 at 2012-11-03 23:10:04 -0700
Served asset /bootstrap-responsive.css - 304 Not Modified (0ms)


Started GET "/assets/jquery.js?body=1" for 127.0.0.1 at 2012-11-03 23:10:04 -0700
Served asset /jquery.js - 304 Not Modified (1ms)


Started GET "/assets/bootstrap.js?body=1" for 127.0.0.1 at 2012-11-03 23:10:04 -0700
Served asset /bootstrap.js - 304 Not Modified (0ms)


Started GET "/assets/global.css" for 127.0.0.1 at 2012-11-03 23:10:04 -0700
Served asset /global.css - 304 Not Modified (0ms)


Started GET "/assets/jquery_ujs.js?body=1" for 127.0.0.1 at 2012-11-03 23:10:04 -0700
Served asset /jquery_ujs.js - 304 Not Modified (0ms)


Started GET "/assets/log_in.js?body=1" for 127.0.0.1 at 2012-11-03 23:10:04 -0700
Served asset /log_in.js - 304 Not Modified (0ms)


Started GET "/assets/private_messages.js?body=1" for 127.0.0.1 at 2012-11-03 23:10:04 -0700
Served asset /private_messages.js - 304 Not Modified (0ms)


Started GET "/assets/profiles.js?body=1" for 127.0.0.1 at 2012-11-03 23:10:04 -0700
Served asset /profiles.js - 304 Not Modified (0ms)


Started GET "/assets/application.js?body=1" for 127.0.0.1 at 2012-11-03 23:10:04 -0700
Served asset /application.js - 304 Not Modified (6ms)


Started GET "/assets/searches.js?body=1" for 127.0.0.1 at 2012-11-03 23:10:04 -0700
Served asset /searches.js - 304 Not Modified (1ms)


Started GET "/assets/statuses.js?body=1" for 127.0.0.1 at 2012-11-03 23:10:04 -0700
Served asset /statuses.js - 304 Not Modified (0ms)


Started GET "/assets/bootstrap.js?body=1" for 127.0.0.1 at 2012-11-03 23:10:04 -0700
Served asset /bootstrap.js - 304 Not Modified (0ms)


Started POST "/log_in" for 127.0.0.1 at 2012-11-03 23:10:12 -0700
Processing by LogInController#create as HTML
  Parameters: {"utf8"=>"✓", "authenticity_token"=>"PM01IXcEGE91RErnry1NnHG0CqQ1xq/YEexaGVUxlJA=", "user"=>{"username"=>"ysugiant", "password"=>"[FILTERED]"}}
  [1m[36mUser Load (0.2ms)[0m  [1mSELECT "users".* FROM "users" WHERE "users"."username" = 'ysugiant' AND "users"."password" = 'test' LIMIT 1[0m
Redirected to http://localhost:3000/users
Completed 302 Found in 1ms (ActiveRecord: 0.2ms)


Started GET "/users" for 127.0.0.1 at 2012-11-03 23:10:12 -0700
Processing by UsersController#index as HTML
  [1m[35mUser Load (0.2ms)[0m  SELECT "users".* FROM "users" 
  Rendered users/index.html.haml within layouts/application (0.8ms)
Completed 200 OK in 27ms (Views: 26.8ms | ActiveRecord: 0.2ms)


Started GET "/assets/bootstrap.css" for 127.0.0.1 at 2012-11-03 23:10:12 -0700
Served asset /bootstrap.css - 304 Not Modified (0ms)


Started GET "/assets/jquery.js?body=1" for 127.0.0.1 at 2012-11-03 23:10:13 -0700
Served asset /jquery.js - 304 Not Modified (1ms)


Started GET "/assets/bootstrap.js?body=1" for 127.0.0.1 at 2012-11-03 23:10:13 -0700
Served asset /bootstrap.js - 304 Not Modified (0ms)


Started GET "/assets/global.css" for 127.0.0.1 at 2012-11-03 23:10:13 -0700
Served asset /global.css - 304 Not Modified (0ms)


Started GET "/assets/jquery_ujs.js?body=1" for 127.0.0.1 at 2012-11-03 23:10:13 -0700
Served asset /jquery_ujs.js - 304 Not Modified (0ms)


Started GET "/assets/bootstrap-responsive.css" for 127.0.0.1 at 2012-11-03 23:10:13 -0700
Served asset /bootstrap-responsive.css - 304 Not Modified (0ms)


Started GET "/assets/log_in.js?body=1" for 127.0.0.1 at 2012-11-03 23:10:13 -0700
Served asset /log_in.js - 304 Not Modified (0ms)


Started GET "/assets/private_messages.js?body=1" for 127.0.0.1 at 2012-11-03 23:10:13 -0700
Served asset /private_messages.js - 304 Not Modified (0ms)


Started GET "/assets/profiles.js?body=1" for 127.0.0.1 at 2012-11-03 23:10:13 -0700
Served asset /profiles.js - 304 Not Modified (0ms)


Started GET "/assets/searches.js?body=1" for 127.0.0.1 at 2012-11-03 23:10:13 -0700
Served asset /searches.js - 304 Not Modified (0ms)


Started GET "/assets/application.js?body=1" for 127.0.0.1 at 2012-11-03 23:10:13 -0700
Served asset /application.js - 304 Not Modified (10ms)


Started GET "/assets/statuses.js?body=1" for 127.0.0.1 at 2012-11-03 23:10:13 -0700
Served asset /statuses.js - 304 Not Modified (0ms)


Started GET "/assets/bootstrap.js?body=1" for 127.0.0.1 at 2012-11-03 23:10:13 -0700
Served asset /bootstrap.js - 304 Not Modified (0ms)


Started GET "/log_in" for 127.0.0.1 at 2012-11-03 23:12:33 -0700
Processing by LogInController#index as HTML
  [1m[36mUser Load (0.1ms)[0m  [1mSELECT "users".* FROM "users" [0m
  Rendered log_in/index.html.haml within layouts/application (3.4ms)
Completed 200 OK in 21ms (Views: 11.6ms | ActiveRecord: 0.6ms)


Started GET "/assets/bootstrap.css" for 127.0.0.1 at 2012-11-03 23:12:33 -0700
Served asset /bootstrap.css - 304 Not Modified (0ms)


Started GET "/assets/global.css" for 127.0.0.1 at 2012-11-03 23:12:33 -0700
Served asset /global.css - 304 Not Modified (0ms)


Started GET "/assets/jquery.js?body=1" for 127.0.0.1 at 2012-11-03 23:12:33 -0700
Served asset /jquery.js - 304 Not Modified (1ms)


Started GET "/assets/jquery_ujs.js?body=1" for 127.0.0.1 at 2012-11-03 23:12:33 -0700
Served asset /jquery_ujs.js - 304 Not Modified (0ms)


Started GET "/assets/bootstrap-responsive.css" for 127.0.0.1 at 2012-11-03 23:12:33 -0700
Served asset /bootstrap-responsive.css - 304 Not Modified (0ms)


Started GET "/assets/log_in.js?body=1" for 127.0.0.1 at 2012-11-03 23:12:33 -0700
Served asset /log_in.js - 304 Not Modified (0ms)


Started GET "/assets/bootstrap.js?body=1" for 127.0.0.1 at 2012-11-03 23:12:33 -0700
Served asset /bootstrap.js - 304 Not Modified (0ms)


Started GET "/assets/private_messages.js?body=1" for 127.0.0.1 at 2012-11-03 23:12:33 -0700
Served asset /private_messages.js - 304 Not Modified (0ms)


Started GET "/assets/searches.js?body=1" for 127.0.0.1 at 2012-11-03 23:12:34 -0700
Served asset /searches.js - 304 Not Modified (0ms)


Started GET "/assets/application.js?body=1" for 127.0.0.1 at 2012-11-03 23:12:34 -0700
Served asset /application.js - 304 Not Modified (10ms)


Started GET "/assets/statuses.js?body=1" for 127.0.0.1 at 2012-11-03 23:12:34 -0700
Served asset /statuses.js - 304 Not Modified (0ms)


Started GET "/assets/profiles.js?body=1" for 127.0.0.1 at 2012-11-03 23:12:34 -0700
Served asset /profiles.js - 304 Not Modified (0ms)


Started GET "/assets/bootstrap.js?body=1" for 127.0.0.1 at 2012-11-03 23:12:34 -0700
Served asset /bootstrap.js - 304 Not Modified (0ms)


Started POST "/log_in" for 127.0.0.1 at 2012-11-03 23:12:40 -0700
Processing by LogInController#create as HTML
  Parameters: {"utf8"=>"✓", "authenticity_token"=>"PM01IXcEGE91RErnry1NnHG0CqQ1xq/YEexaGVUxlJA=", "user"=>{"username"=>"ysugiant", "password"=>"[FILTERED]"}}
  [1m[35mUser Load (0.2ms)[0m  SELECT "users".* FROM "users" WHERE "users"."username" = 'ysugiant' AND "users"."password" = 'sdadsa' LIMIT 1
Redirected to http://localhost:3000/log_in
Completed 302 Found in 1ms (ActiveRecord: 0.2ms)


Started GET "/log_in" for 127.0.0.1 at 2012-11-03 23:12:41 -0700
Processing by LogInController#index as HTML
  [1m[36mUser Load (0.2ms)[0m  [1mSELECT "users".* FROM "users" [0m
  Rendered log_in/index.html.haml within layouts/application (1.5ms)
Completed 200 OK in 11ms (Views: 10.5ms | ActiveRecord: 0.2ms)


Started GET "/assets/bootstrap.css" for 127.0.0.1 at 2012-11-03 23:12:41 -0700
Served asset /bootstrap.css - 304 Not Modified (0ms)


Started GET "/assets/global.css" for 127.0.0.1 at 2012-11-03 23:12:41 -0700
Served asset /global.css - 304 Not Modified (0ms)


Started GET "/assets/bootstrap-responsive.css" for 127.0.0.1 at 2012-11-03 23:12:41 -0700
Served asset /bootstrap-responsive.css - 304 Not Modified (0ms)


Started GET "/assets/jquery_ujs.js?body=1" for 127.0.0.1 at 2012-11-03 23:12:41 -0700
Served asset /jquery_ujs.js - 304 Not Modified (0ms)


Started GET "/assets/jquery.js?body=1" for 127.0.0.1 at 2012-11-03 23:12:41 -0700
Served asset /jquery.js - 304 Not Modified (1ms)


Started GET "/assets/bootstrap.js?body=1" for 127.0.0.1 at 2012-11-03 23:12:41 -0700
Served asset /bootstrap.js - 304 Not Modified (0ms)


Started GET "/assets/log_in.js?body=1" for 127.0.0.1 at 2012-11-03 23:12:41 -0700
Served asset /log_in.js - 304 Not Modified (0ms)


Started GET "/assets/profiles.js?body=1" for 127.0.0.1 at 2012-11-03 23:12:41 -0700
Served asset /profiles.js - 304 Not Modified (0ms)


Started GET "/assets/statuses.js?body=1" for 127.0.0.1 at 2012-11-03 23:12:41 -0700
Served asset /statuses.js - 304 Not Modified (72ms)


Started GET "/assets/searches.js?body=1" for 127.0.0.1 at 2012-11-03 23:12:41 -0700
Served asset /searches.js - 304 Not Modified (0ms)


Started GET "/assets/private_messages.js?body=1" for 127.0.0.1 at 2012-11-03 23:12:41 -0700
Served asset /private_messages.js - 304 Not Modified (0ms)


Started GET "/assets/application.js?body=1" for 127.0.0.1 at 2012-11-03 23:12:41 -0700
Served asset /application.js - 304 Not Modified (5ms)


Started GET "/assets/bootstrap.js?body=1" for 127.0.0.1 at 2012-11-03 23:12:41 -0700
Served asset /bootstrap.js - 304 Not Modified (0ms)


Started GET "/log_in" for 127.0.0.1 at 2012-11-03 23:14:03 -0700
Processing by LogInController#index as HTML
  [1m[35mUser Load (0.3ms)[0m  SELECT "users".* FROM "users" 
  Rendered log_in/index.html.haml within layouts/application (3.5ms)
Completed 200 OK in 17ms (Views: 9.9ms | ActiveRecord: 0.3ms)


Started GET "/assets/bootstrap.css" for 127.0.0.1 at 2012-11-03 23:14:03 -0700
Served asset /bootstrap.css - 304 Not Modified (0ms)


Started GET "/assets/global.css" for 127.0.0.1 at 2012-11-03 23:14:03 -0700
Served asset /global.css - 304 Not Modified (0ms)


Started GET "/assets/log_in.js?body=1" for 127.0.0.1 at 2012-11-03 23:14:03 -0700
Served asset /log_in.js - 304 Not Modified (0ms)


Started GET "/assets/bootstrap.js?body=1" for 127.0.0.1 at 2012-11-03 23:14:03 -0700
Served asset /bootstrap.js - 304 Not Modified (0ms)


Started GET "/assets/jquery_ujs.js?body=1" for 127.0.0.1 at 2012-11-03 23:14:03 -0700
Served asset /jquery_ujs.js - 304 Not Modified (0ms)


Started GET "/assets/jquery.js?body=1" for 127.0.0.1 at 2012-11-03 23:14:03 -0700
Served asset /jquery.js - 304 Not Modified (14ms)


Started GET "/assets/bootstrap-responsive.css" for 127.0.0.1 at 2012-11-03 23:14:03 -0700
Served asset /bootstrap-responsive.css - 304 Not Modified (0ms)


Started GET "/assets/profiles.js?body=1" for 127.0.0.1 at 2012-11-03 23:14:03 -0700
Served asset /profiles.js - 304 Not Modified (0ms)


Started GET "/assets/private_messages.js?body=1" for 127.0.0.1 at 2012-11-03 23:14:03 -0700
Served asset /private_messages.js - 304 Not Modified (0ms)


Started GET "/assets/searches.js?body=1" for 127.0.0.1 at 2012-11-03 23:14:03 -0700
Served asset /searches.js - 304 Not Modified (0ms)


Started GET "/assets/statuses.js?body=1" for 127.0.0.1 at 2012-11-03 23:14:03 -0700
Served asset /statuses.js - 304 Not Modified (0ms)


Started GET "/assets/application.js?body=1" for 127.0.0.1 at 2012-11-03 23:14:03 -0700
Served asset /application.js - 304 Not Modified (2ms)


Started GET "/assets/bootstrap.js?body=1" for 127.0.0.1 at 2012-11-03 23:14:03 -0700
Served asset /bootstrap.js - 304 Not Modified (0ms)


Started GET "/log_in" for 127.0.0.1 at 2012-11-03 23:14:05 -0700
Processing by LogInController#index as HTML
  [1m[36mUser Load (0.2ms)[0m  [1mSELECT "users".* FROM "users" [0m
  Rendered log_in/index.html.haml within layouts/application (1.1ms)
Completed 200 OK in 19ms (Views: 13.5ms | ActiveRecord: 0.2ms)


Started GET "/assets/bootstrap.css" for 127.0.0.1 at 2012-11-03 23:14:05 -0700
Served asset /bootstrap.css - 304 Not Modified (0ms)


Started GET "/assets/global.css" for 127.0.0.1 at 2012-11-03 23:14:05 -0700
Served asset /global.css - 304 Not Modified (0ms)


Started GET "/assets/jquery.js?body=1" for 127.0.0.1 at 2012-11-03 23:14:05 -0700
Served asset /jquery.js - 304 Not Modified (1ms)


Started GET "/assets/jquery_ujs.js?body=1" for 127.0.0.1 at 2012-11-03 23:14:05 -0700
Served asset /jquery_ujs.js - 304 Not Modified (0ms)


Started GET "/assets/bootstrap-responsive.css" for 127.0.0.1 at 2012-11-03 23:14:05 -0700
Served asset /bootstrap-responsive.css - 304 Not Modified (0ms)


Started GET "/assets/bootstrap.js?body=1" for 127.0.0.1 at 2012-11-03 23:14:05 -0700
Served asset /bootstrap.js - 304 Not Modified (0ms)


Started GET "/assets/application.js?body=1" for 127.0.0.1 at 2012-11-03 23:14:05 -0700
Served asset /application.js - 304 Not Modified (25ms)


Started GET "/assets/log_in.js?body=1" for 127.0.0.1 at 2012-11-03 23:14:05 -0700
Served asset /log_in.js - 304 Not Modified (0ms)


Started GET "/assets/searches.js?body=1" for 127.0.0.1 at 2012-11-03 23:14:05 -0700
Served asset /searches.js - 304 Not Modified (0ms)


Started GET "/assets/profiles.js?body=1" for 127.0.0.1 at 2012-11-03 23:14:05 -0700
Served asset /profiles.js - 304 Not Modified (0ms)


Started GET "/assets/statuses.js?body=1" for 127.0.0.1 at 2012-11-03 23:14:05 -0700
Served asset /statuses.js - 304 Not Modified (0ms)


Started GET "/assets/private_messages.js?body=1" for 127.0.0.1 at 2012-11-03 23:14:05 -0700
Served asset /private_messages.js - 304 Not Modified (0ms)


Started GET "/assets/bootstrap.js?body=1" for 127.0.0.1 at 2012-11-03 23:14:05 -0700
Served asset /bootstrap.js - 304 Not Modified (0ms)


Started POST "/log_in" for 127.0.0.1 at 2012-11-03 23:14:10 -0700
Processing by LogInController#create as HTML
  Parameters: {"utf8"=>"✓", "authenticity_token"=>"PM01IXcEGE91RErnry1NnHG0CqQ1xq/YEexaGVUxlJA=", "user"=>{"username"=>"dasda", "password"=>"[FILTERED]"}}
  [1m[35mUser Load (0.2ms)[0m  SELECT "users".* FROM "users" WHERE "users"."username" = 'dasda' AND "users"."password" = 'dsada' LIMIT 1
Redirected to http://localhost:3000/log_in
Completed 302 Found in 1ms (ActiveRecord: 0.2ms)


Started GET "/log_in" for 127.0.0.1 at 2012-11-03 23:14:10 -0700
Processing by LogInController#index as HTML
  [1m[36mUser Load (0.1ms)[0m  [1mSELECT "users".* FROM "users" [0m
  Rendered log_in/index.html.haml within layouts/application (1.1ms)
Completed 200 OK in 8ms (Views: 6.6ms | ActiveRecord: 0.1ms)


Started GET "/assets/bootstrap.css" for 127.0.0.1 at 2012-11-03 23:14:10 -0700
Served asset /bootstrap.css - 304 Not Modified (0ms)


Started GET "/assets/bootstrap-responsive.css" for 127.0.0.1 at 2012-11-03 23:14:10 -0700
Served asset /bootstrap-responsive.css - 304 Not Modified (0ms)


Started GET "/assets/jquery_ujs.js?body=1" for 127.0.0.1 at 2012-11-03 23:14:10 -0700
Served asset /jquery_ujs.js - 304 Not Modified (0ms)


Started GET "/assets/global.css" for 127.0.0.1 at 2012-11-03 23:14:10 -0700
Served asset /global.css - 304 Not Modified (0ms)


Started GET "/assets/jquery.js?body=1" for 127.0.0.1 at 2012-11-03 23:14:10 -0700
Served asset /jquery.js - 304 Not Modified (9ms)


Started GET "/assets/bootstrap.js?body=1" for 127.0.0.1 at 2012-11-03 23:14:10 -0700
Served asset /bootstrap.js - 304 Not Modified (0ms)


Started GET "/assets/private_messages.js?body=1" for 127.0.0.1 at 2012-11-03 23:14:10 -0700
Served asset /private_messages.js - 304 Not Modified (0ms)


Started GET "/assets/profiles.js?body=1" for 127.0.0.1 at 2012-11-03 23:14:10 -0700
Served asset /profiles.js - 304 Not Modified (0ms)


Started GET "/assets/log_in.js?body=1" for 127.0.0.1 at 2012-11-03 23:14:10 -0700
Served asset /log_in.js - 304 Not Modified (0ms)


Started GET "/assets/searches.js?body=1" for 127.0.0.1 at 2012-11-03 23:14:10 -0700
Served asset /searches.js - 304 Not Modified (0ms)


Started GET "/assets/application.js?body=1" for 127.0.0.1 at 2012-11-03 23:14:10 -0700
Served asset /application.js - 304 Not Modified (11ms)


Started GET "/assets/statuses.js?body=1" for 127.0.0.1 at 2012-11-03 23:14:10 -0700
Served asset /statuses.js - 304 Not Modified (0ms)


Started GET "/assets/bootstrap.js?body=1" for 127.0.0.1 at 2012-11-03 23:14:10 -0700
Served asset /bootstrap.js - 304 Not Modified (8ms)


Started GET "/log_in" for 127.0.0.1 at 2012-11-03 23:14:38 -0700
Processing by LogInController#index as HTML
  [1m[35mUser Load (0.2ms)[0m  SELECT "users".* FROM "users" 
  Rendered log_in/index.html.haml within layouts/application (7.2ms)
Completed 200 OK in 15ms (Views: 13.5ms | ActiveRecord: 0.2ms)


Started GET "/assets/bootstrap.css" for 127.0.0.1 at 2012-11-03 23:14:38 -0700
Served asset /bootstrap.css - 304 Not Modified (0ms)


Started GET "/assets/bootstrap-responsive.css" for 127.0.0.1 at 2012-11-03 23:14:38 -0700
Served asset /bootstrap-responsive.css - 304 Not Modified (0ms)


Started GET "/assets/global.css" for 127.0.0.1 at 2012-11-03 23:14:39 -0700
Served asset /global.css - 304 Not Modified (0ms)


Started GET "/assets/log_in.js?body=1" for 127.0.0.1 at 2012-11-03 23:14:39 -0700
Served asset /log_in.js - 304 Not Modified (0ms)


Started GET "/assets/jquery_ujs.js?body=1" for 127.0.0.1 at 2012-11-03 23:14:39 -0700
Served asset /jquery_ujs.js - 304 Not Modified (0ms)


Started GET "/assets/bootstrap.js?body=1" for 127.0.0.1 at 2012-11-03 23:14:39 -0700
Served asset /bootstrap.js - 304 Not Modified (0ms)


Started GET "/assets/jquery.js?body=1" for 127.0.0.1 at 2012-11-03 23:14:39 -0700
Served asset /jquery.js - 304 Not Modified (1ms)


Started GET "/assets/profiles.js?body=1" for 127.0.0.1 at 2012-11-03 23:14:39 -0700
Served asset /profiles.js - 304 Not Modified (0ms)


Started GET "/assets/private_messages.js?body=1" for 127.0.0.1 at 2012-11-03 23:14:39 -0700
Served asset /private_messages.js - 304 Not Modified (0ms)


Started GET "/assets/searches.js?body=1" for 127.0.0.1 at 2012-11-03 23:14:39 -0700
Served asset /searches.js - 304 Not Modified (0ms)


Started GET "/assets/statuses.js?body=1" for 127.0.0.1 at 2012-11-03 23:14:39 -0700
Served asset /statuses.js - 304 Not Modified (0ms)


Started GET "/assets/application.js?body=1" for 127.0.0.1 at 2012-11-03 23:14:39 -0700
Served asset /application.js - 304 Not Modified (3ms)


Started GET "/assets/bootstrap.js?body=1" for 127.0.0.1 at 2012-11-03 23:14:39 -0700
Served asset /bootstrap.js - 304 Not Modified (0ms)


Started POST "/log_in" for 127.0.0.1 at 2012-11-03 23:14:41 -0700
Processing by LogInController#create as HTML
  Parameters: {"utf8"=>"✓", "authenticity_token"=>"PM01IXcEGE91RErnry1NnHG0CqQ1xq/YEexaGVUxlJA=", "user"=>{"username"=>"das", "password"=>"[FILTERED]"}}
  [1m[36mUser Load (0.2ms)[0m  [1mSELECT "users".* FROM "users" WHERE "users"."username" = 'das' AND "users"."password" = '' LIMIT 1[0m
Redirected to http://localhost:3000/log_in
Completed 302 Found in 8ms (ActiveRecord: 0.2ms)


Started GET "/log_in" for 127.0.0.1 at 2012-11-03 23:14:41 -0700
Processing by LogInController#index as HTML
  [1m[35mUser Load (0.2ms)[0m  SELECT "users".* FROM "users" 
  Rendered log_in/index.html.haml within layouts/application (6.1ms)
Completed 200 OK in 11ms (Views: 10.6ms | ActiveRecord: 0.2ms)


Started GET "/assets/bootstrap.css" for 127.0.0.1 at 2012-11-03 23:14:41 -0700
Served asset /bootstrap.css - 304 Not Modified (0ms)


Started GET "/assets/bootstrap-responsive.css" for 127.0.0.1 at 2012-11-03 23:14:41 -0700
Served asset /bootstrap-responsive.css - 304 Not Modified (0ms)


Started GET "/assets/jquery.js?body=1" for 127.0.0.1 at 2012-11-03 23:14:41 -0700
Served asset /jquery.js - 304 Not Modified (16ms)


Started GET "/assets/jquery_ujs.js?body=1" for 127.0.0.1 at 2012-11-03 23:14:41 -0700
Served asset /jquery_ujs.js - 304 Not Modified (0ms)


Started GET "/assets/bootstrap.js?body=1" for 127.0.0.1 at 2012-11-03 23:14:41 -0700
Served asset /bootstrap.js - 304 Not Modified (0ms)


Started GET "/assets/global.css" for 127.0.0.1 at 2012-11-03 23:14:41 -0700
Served asset /global.css - 304 Not Modified (0ms)


Started GET "/assets/log_in.js?body=1" for 127.0.0.1 at 2012-11-03 23:14:41 -0700
Served asset /log_in.js - 304 Not Modified (0ms)


Started GET "/assets/private_messages.js?body=1" for 127.0.0.1 at 2012-11-03 23:14:41 -0700
Served asset /private_messages.js - 304 Not Modified (0ms)


Started GET "/assets/statuses.js?body=1" for 127.0.0.1 at 2012-11-03 23:14:41 -0700
Served asset /statuses.js - 304 Not Modified (0ms)


Started GET "/assets/profiles.js?body=1" for 127.0.0.1 at 2012-11-03 23:14:41 -0700
Served asset /profiles.js - 304 Not Modified (8ms)


Started GET "/assets/application.js?body=1" for 127.0.0.1 at 2012-11-03 23:14:41 -0700
Served asset /application.js - 304 Not Modified (6ms)


Started GET "/assets/searches.js?body=1" for 127.0.0.1 at 2012-11-03 23:14:41 -0700
Served asset /searches.js - 304 Not Modified (0ms)


Started GET "/assets/bootstrap.js?body=1" for 127.0.0.1 at 2012-11-03 23:14:41 -0700
Served asset /bootstrap.js - 304 Not Modified (0ms)


Started GET "/password_recovery" for 127.0.0.1 at 2012-11-03 23:18:38 -0700
Processing by PasswordRecoveryController#index as HTML
  [1m[36mUser Load (0.2ms)[0m  [1mSELECT "users".* FROM "users" [0m
  Rendered password_recovery/index.html.haml within layouts/application (13.3ms)
Completed 200 OK in 64ms (Views: 30.1ms | ActiveRecord: 0.9ms)


Started GET "/assets/bootstrap.css" for 127.0.0.1 at 2012-11-03 23:18:38 -0700
Served asset /bootstrap.css - 304 Not Modified (0ms)


Started GET "/assets/bootstrap-responsive.css" for 127.0.0.1 at 2012-11-03 23:18:38 -0700
Served asset /bootstrap-responsive.css - 304 Not Modified (0ms)


Started GET "/assets/jquery.js?body=1" for 127.0.0.1 at 2012-11-03 23:18:38 -0700
Served asset /jquery.js - 304 Not Modified (1ms)


Started GET "/assets/global.css" for 127.0.0.1 at 2012-11-03 23:18:38 -0700
Served asset /global.css - 304 Not Modified (0ms)


Started GET "/assets/profiles.js?body=1" for 127.0.0.1 at 2012-11-03 23:18:38 -0700
Served asset /profiles.js - 304 Not Modified (0ms)


Started GET "/assets/bootstrap.js?body=1" for 127.0.0.1 at 2012-11-03 23:18:38 -0700
Served asset /bootstrap.js - 304 Not Modified (0ms)


Started GET "/assets/jquery_ujs.js?body=1" for 127.0.0.1 at 2012-11-03 23:18:38 -0700
Served asset /jquery_ujs.js - 304 Not Modified (0ms)


Started GET "/assets/private_messages.js?body=1" for 127.0.0.1 at 2012-11-03 23:18:38 -0700
Served asset /private_messages.js - 304 Not Modified (0ms)


Started GET "/assets/log_in.js?body=1" for 127.0.0.1 at 2012-11-03 23:18:38 -0700
Served asset /log_in.js - 304 Not Modified (0ms)


Started GET "/assets/searches.js?body=1" for 127.0.0.1 at 2012-11-03 23:18:38 -0700
Served asset /searches.js - 304 Not Modified (7ms)


Started GET "/assets/statuses.js?body=1" for 127.0.0.1 at 2012-11-03 23:18:38 -0700
Served asset /statuses.js - 304 Not Modified (0ms)


Started GET "/assets/application.js?body=1" for 127.0.0.1 at 2012-11-03 23:18:38 -0700
Served asset /application.js - 304 Not Modified (2ms)


Started GET "/assets/bootstrap.js?body=1" for 127.0.0.1 at 2012-11-03 23:18:38 -0700
Served asset /bootstrap.js - 304 Not Modified (1ms)


Started POST "/password_recovery" for 127.0.0.1 at 2012-11-03 23:18:47 -0700
Processing by PasswordRecoveryController#create as HTML
  Parameters: {"utf8"=>"✓", "authenticity_token"=>"PM01IXcEGE91RErnry1NnHG0CqQ1xq/YEexaGVUxlJA=", "user"=>{"email"=>"dada@das.com"}}
  [1m[35mUser Load (0.2ms)[0m  SELECT "users".* FROM "users" WHERE "users"."email" = 'dada@das.com' LIMIT 1
Redirected to http://localhost:3000/password_recovery
Completed 302 Found in 11ms (ActiveRecord: 0.2ms)


Started GET "/password_recovery" for 127.0.0.1 at 2012-11-03 23:18:47 -0700
Processing by PasswordRecoveryController#index as HTML
  [1m[36mUser Load (0.1ms)[0m  [1mSELECT "users".* FROM "users" [0m
  Rendered password_recovery/index.html.haml within layouts/application (1.7ms)
Completed 200 OK in 22ms (Views: 10.8ms | ActiveRecord: 0.1ms)


Started GET "/assets/bootstrap.css" for 127.0.0.1 at 2012-11-03 23:18:47 -0700
Served asset /bootstrap.css - 304 Not Modified (17ms)


Started GET "/assets/jquery.js?body=1" for 127.0.0.1 at 2012-11-03 23:18:47 -0700
Served asset /jquery.js - 304 Not Modified (1ms)


Started GET "/assets/jquery_ujs.js?body=1" for 127.0.0.1 at 2012-11-03 23:18:47 -0700
Served asset /jquery_ujs.js - 304 Not Modified (0ms)


Started GET "/assets/bootstrap-responsive.css" for 127.0.0.1 at 2012-11-03 23:18:47 -0700
Served asset /bootstrap-responsive.css - 304 Not Modified (0ms)


Started GET "/assets/global.css" for 127.0.0.1 at 2012-11-03 23:18:47 -0700
Served asset /global.css - 304 Not Modified (0ms)


Started GET "/assets/bootstrap.js?body=1" for 127.0.0.1 at 2012-11-03 23:18:47 -0700
Served asset /bootstrap.js - 304 Not Modified (0ms)


Started GET "/assets/log_in.js?body=1" for 127.0.0.1 at 2012-11-03 23:18:47 -0700
Served asset /log_in.js - 304 Not Modified (0ms)


Started GET "/assets/statuses.js?body=1" for 127.0.0.1 at 2012-11-03 23:18:47 -0700
Served asset /statuses.js - 304 Not Modified (0ms)


Started GET "/assets/profiles.js?body=1" for 127.0.0.1 at 2012-11-03 23:18:47 -0700
Served asset /profiles.js - 304 Not Modified (0ms)


Started GET "/assets/searches.js?body=1" for 127.0.0.1 at 2012-11-03 23:18:47 -0700
Served asset /searches.js - 304 Not Modified (0ms)


Started GET "/assets/private_messages.js?body=1" for 127.0.0.1 at 2012-11-03 23:18:47 -0700
Served asset /private_messages.js - 304 Not Modified (0ms)


Started GET "/assets/application.js?body=1" for 127.0.0.1 at 2012-11-03 23:18:47 -0700
Served asset /application.js - 304 Not Modified (11ms)


Started GET "/assets/bootstrap.js?body=1" for 127.0.0.1 at 2012-11-03 23:18:47 -0700
Served asset /bootstrap.js - 304 Not Modified (0ms)


Started POST "/password_recovery" for 127.0.0.1 at 2012-11-03 23:18:54 -0700
Processing by PasswordRecoveryController#create as HTML
  Parameters: {"utf8"=>"✓", "authenticity_token"=>"PM01IXcEGE91RErnry1NnHG0CqQ1xq/YEexaGVUxlJA=", "user"=>{"email"=>"ysugiant@ucsd.edu"}}
  [1m[35mUser Load (0.2ms)[0m  SELECT "users".* FROM "users" WHERE "users"."email" = 'ysugiant@ucsd.edu' LIMIT 1
Redirected to http://localhost:3000/password_recovery/1
Completed 302 Found in 1ms (ActiveRecord: 0.2ms)


Started GET "/password_recovery/1" for 127.0.0.1 at 2012-11-03 23:18:54 -0700
Processing by PasswordRecoveryController#show as HTML
  Parameters: {"id"=>"1"}
  [1m[36mUser Load (0.2ms)[0m  [1mSELECT "users".* FROM "users" WHERE "users"."id" = ? LIMIT 1[0m  [["id", "1"]]
  Rendered password_recovery/show.html.haml within layouts/application (5.3ms)
Completed 200 OK in 13ms (Views: 11.6ms | ActiveRecord: 0.2ms)


Started GET "/assets/bootstrap.css" for 127.0.0.1 at 2012-11-03 23:18:54 -0700
Served asset /bootstrap.css - 304 Not Modified (0ms)


Started GET "/assets/global.css" for 127.0.0.1 at 2012-11-03 23:18:54 -0700
Served asset /global.css - 304 Not Modified (0ms)


Started GET "/assets/bootstrap-responsive.css" for 127.0.0.1 at 2012-11-03 23:18:54 -0700
Served asset /bootstrap-responsive.css - 304 Not Modified (0ms)


Started GET "/assets/jquery_ujs.js?body=1" for 127.0.0.1 at 2012-11-03 23:18:54 -0700
Served asset /jquery_ujs.js - 304 Not Modified (0ms)


Started GET "/assets/jquery.js?body=1" for 127.0.0.1 at 2012-11-03 23:18:54 -0700
Served asset /jquery.js - 304 Not Modified (1ms)


Started GET "/assets/bootstrap.js?body=1" for 127.0.0.1 at 2012-11-03 23:18:54 -0700
Served asset /bootstrap.js - 304 Not Modified (0ms)


Started GET "/assets/log_in.js?body=1" for 127.0.0.1 at 2012-11-03 23:18:54 -0700
Served asset /log_in.js - 304 Not Modified (0ms)


Started GET "/assets/profiles.js?body=1" for 127.0.0.1 at 2012-11-03 23:18:54 -0700
Served asset /profiles.js - 304 Not Modified (0ms)


Started GET "/assets/private_messages.js?body=1" for 127.0.0.1 at 2012-11-03 23:18:54 -0700
Served asset /private_messages.js - 304 Not Modified (0ms)


Started GET "/assets/searches.js?body=1" for 127.0.0.1 at 2012-11-03 23:18:54 -0700
Served asset /searches.js - 304 Not Modified (0ms)


Started GET "/assets/statuses.js?body=1" for 127.0.0.1 at 2012-11-03 23:18:54 -0700
Served asset /statuses.js - 304 Not Modified (0ms)


Started GET "/assets/application.js?body=1" for 127.0.0.1 at 2012-11-03 23:18:54 -0700
Served asset /application.js - 304 Not Modified (6ms)


Started GET "/assets/bootstrap.js?body=1" for 127.0.0.1 at 2012-11-03 23:18:54 -0700
Served asset /bootstrap.js - 304 Not Modified (0ms)


Started GET "/password_recovery" for 127.0.0.1 at 2012-11-03 23:19:00 -0700
Processing by PasswordRecoveryController#index as HTML
  [1m[35mUser Load (0.2ms)[0m  SELECT "users".* FROM "users" 
  Rendered password_recovery/index.html.haml within layouts/application (2.2ms)
Completed 200 OK in 13ms (Views: 12.2ms | ActiveRecord: 0.2ms)


Started GET "/assets/bootstrap.css" for 127.0.0.1 at 2012-11-03 23:19:00 -0700
Served asset /bootstrap.css - 304 Not Modified (0ms)


Started GET "/assets/global.css" for 127.0.0.1 at 2012-11-03 23:19:00 -0700
Served asset /global.css - 304 Not Modified (0ms)


Started GET "/assets/jquery_ujs.js?body=1" for 127.0.0.1 at 2012-11-03 23:19:00 -0700
Served asset /jquery_ujs.js - 304 Not Modified (0ms)


Started GET "/assets/bootstrap-responsive.css" for 127.0.0.1 at 2012-11-03 23:19:00 -0700
Served asset /bootstrap-responsive.css - 304 Not Modified (0ms)


Started GET "/assets/jquery.js?body=1" for 127.0.0.1 at 2012-11-03 23:19:00 -0700
Served asset /jquery.js - 304 Not Modified (7ms)


Started GET "/assets/bootstrap.js?body=1" for 127.0.0.1 at 2012-11-03 23:19:00 -0700
Served asset /bootstrap.js - 304 Not Modified (0ms)


Started GET "/assets/log_in.js?body=1" for 127.0.0.1 at 2012-11-03 23:19:00 -0700
Served asset /log_in.js - 304 Not Modified (2ms)


Started GET "/assets/private_messages.js?body=1" for 127.0.0.1 at 2012-11-03 23:19:00 -0700
Served asset /private_messages.js - 304 Not Modified (0ms)


Started GET "/assets/profiles.js?body=1" for 127.0.0.1 at 2012-11-03 23:19:00 -0700
Served asset /profiles.js - 304 Not Modified (0ms)


Started GET "/assets/statuses.js?body=1" for 127.0.0.1 at 2012-11-03 23:19:00 -0700
Served asset /statuses.js - 304 Not Modified (0ms)


Started GET "/assets/application.js?body=1" for 127.0.0.1 at 2012-11-03 23:19:00 -0700
Served asset /application.js - 304 Not Modified (7ms)


Started GET "/assets/searches.js?body=1" for 127.0.0.1 at 2012-11-03 23:19:00 -0700
Served asset /searches.js - 304 Not Modified (0ms)


Started GET "/assets/bootstrap.js?body=1" for 127.0.0.1 at 2012-11-03 23:19:00 -0700
Served asset /bootstrap.js - 304 Not Modified (0ms)


Started GET "/username_recovery" for 127.0.0.1 at 2012-11-03 23:19:09 -0700
Processing by UsernameRecoveryController#index as HTML
  [1m[36mUser Load (0.2ms)[0m  [1mSELECT "users".* FROM "users" [0m
  Rendered username_recovery/index.html.haml within layouts/application (1.7ms)
Completed 200 OK in 19ms (Views: 17.9ms | ActiveRecord: 0.2ms)


Started GET "/assets/bootstrap.css" for 127.0.0.1 at 2012-11-03 23:19:09 -0700
Served asset /bootstrap.css - 304 Not Modified (0ms)


Started GET "/assets/global.css" for 127.0.0.1 at 2012-11-03 23:19:09 -0700
Served asset /global.css - 304 Not Modified (0ms)


Started GET "/assets/jquery_ujs.js?body=1" for 127.0.0.1 at 2012-11-03 23:19:09 -0700
Served asset /jquery_ujs.js - 304 Not Modified (0ms)


Started GET "/assets/jquery.js?body=1" for 127.0.0.1 at 2012-11-03 23:19:09 -0700
Served asset /jquery.js - 304 Not Modified (12ms)


Started GET "/assets/bootstrap-responsive.css" for 127.0.0.1 at 2012-11-03 23:19:09 -0700
Served asset /bootstrap-responsive.css - 304 Not Modified (0ms)


Started GET "/assets/bootstrap.js?body=1" for 127.0.0.1 at 2012-11-03 23:19:09 -0700
Served asset /bootstrap.js - 304 Not Modified (0ms)


Started GET "/assets/log_in.js?body=1" for 127.0.0.1 at 2012-11-03 23:19:09 -0700
Served asset /log_in.js - 304 Not Modified (0ms)


Started GET "/assets/private_messages.js?body=1" for 127.0.0.1 at 2012-11-03 23:19:09 -0700
Served asset /private_messages.js - 304 Not Modified (0ms)


Started GET "/assets/searches.js?body=1" for 127.0.0.1 at 2012-11-03 23:19:09 -0700
Served asset /searches.js - 304 Not Modified (7ms)


Started GET "/assets/profiles.js?body=1" for 127.0.0.1 at 2012-11-03 23:19:09 -0700
Served asset /profiles.js - 304 Not Modified (0ms)


Started GET "/assets/application.js?body=1" for 127.0.0.1 at 2012-11-03 23:19:09 -0700
Served asset /application.js - 304 Not Modified (7ms)


Started GET "/assets/statuses.js?body=1" for 127.0.0.1 at 2012-11-03 23:19:09 -0700
Served asset /statuses.js - 304 Not Modified (0ms)


Started GET "/assets/bootstrap.js?body=1" for 127.0.0.1 at 2012-11-03 23:19:09 -0700
Served asset /bootstrap.js - 304 Not Modified (0ms)


Started POST "/username_recovery" for 127.0.0.1 at 2012-11-03 23:19:19 -0700
Processing by UsernameRecoveryController#create as HTML
  Parameters: {"utf8"=>"✓", "authenticity_token"=>"PM01IXcEGE91RErnry1NnHG0CqQ1xq/YEexaGVUxlJA=", "user"=>{"email"=>"dasda@sa.com"}}
  [1m[35mUser Load (0.2ms)[0m  SELECT "users".* FROM "users" WHERE "users"."email" = 'dasda@sa.com' LIMIT 1
Redirected to http://localhost:3000/username_recovery
Completed 302 Found in 1ms (ActiveRecord: 0.2ms)


Started GET "/username_recovery" for 127.0.0.1 at 2012-11-03 23:19:19 -0700
Processing by UsernameRecoveryController#index as HTML
  [1m[36mUser Load (0.2ms)[0m  [1mSELECT "users".* FROM "users" [0m
  Rendered username_recovery/index.html.haml within layouts/application (1.0ms)
Completed 200 OK in 7ms (Views: 6.8ms | ActiveRecord: 0.2ms)


Started GET "/assets/bootstrap.css" for 127.0.0.1 at 2012-11-03 23:19:19 -0700
Served asset /bootstrap.css - 304 Not Modified (0ms)


Started GET "/assets/bootstrap-responsive.css" for 127.0.0.1 at 2012-11-03 23:19:19 -0700
Served asset /bootstrap-responsive.css - 304 Not Modified (13ms)


Started GET "/assets/jquery_ujs.js?body=1" for 127.0.0.1 at 2012-11-03 23:19:19 -0700
Served asset /jquery_ujs.js - 304 Not Modified (0ms)


Started GET "/assets/bootstrap.js?body=1" for 127.0.0.1 at 2012-11-03 23:19:19 -0700
Served asset /bootstrap.js - 304 Not Modified (0ms)


Started GET "/assets/jquery.js?body=1" for 127.0.0.1 at 2012-11-03 23:19:19 -0700
Served asset /jquery.js - 304 Not Modified (1ms)


Started GET "/assets/global.css" for 127.0.0.1 at 2012-11-03 23:19:19 -0700
Served asset /global.css - 304 Not Modified (0ms)


Started GET "/assets/log_in.js?body=1" for 127.0.0.1 at 2012-11-03 23:19:19 -0700
Served asset /log_in.js - 304 Not Modified (1ms)


Started GET "/assets/profiles.js?body=1" for 127.0.0.1 at 2012-11-03 23:19:19 -0700
Served asset /profiles.js - 304 Not Modified (0ms)


Started GET "/assets/private_messages.js?body=1" for 127.0.0.1 at 2012-11-03 23:19:19 -0700
Served asset /private_messages.js - 304 Not Modified (0ms)


Started GET "/assets/searches.js?body=1" for 127.0.0.1 at 2012-11-03 23:19:19 -0700
Served asset /searches.js - 304 Not Modified (0ms)


Started GET "/assets/statuses.js?body=1" for 127.0.0.1 at 2012-11-03 23:19:19 -0700
Served asset /statuses.js - 304 Not Modified (0ms)


Started GET "/assets/application.js?body=1" for 127.0.0.1 at 2012-11-03 23:19:19 -0700
Served asset /application.js - 304 Not Modified (2ms)


Started GET "/assets/bootstrap.js?body=1" for 127.0.0.1 at 2012-11-03 23:19:19 -0700
Served asset /bootstrap.js - 304 Not Modified (0ms)


Started POST "/username_recovery" for 127.0.0.1 at 2012-11-03 23:19:23 -0700
Processing by UsernameRecoveryController#create as HTML
  Parameters: {"utf8"=>"✓", "authenticity_token"=>"PM01IXcEGE91RErnry1NnHG0CqQ1xq/YEexaGVUxlJA=", "user"=>{"email"=>"ysugiant@ucsd.edu"}}
  [1m[35mUser Load (0.1ms)[0m  SELECT "users".* FROM "users" WHERE "users"."email" = 'ysugiant@ucsd.edu' LIMIT 1
Redirected to http://localhost:3000/username_recovery/1
Completed 302 Found in 3ms (ActiveRecord: 0.1ms)


Started GET "/username_recovery/1" for 127.0.0.1 at 2012-11-03 23:19:23 -0700
Processing by UsernameRecoveryController#show as HTML
  Parameters: {"id"=>"1"}
  [1m[36mUser Load (0.1ms)[0m  [1mSELECT "users".* FROM "users" WHERE "users"."id" = ? LIMIT 1[0m  [["id", "1"]]
  Rendered username_recovery/show.html.haml within layouts/application (6.1ms)
Completed 200 OK in 20ms (Views: 10.7ms | ActiveRecord: 0.1ms)


Started GET "/assets/bootstrap.css" for 127.0.0.1 at 2012-11-03 23:19:23 -0700
Served asset /bootstrap.css - 304 Not Modified (0ms)


Started GET "/assets/jquery.js?body=1" for 127.0.0.1 at 2012-11-03 23:19:24 -0700
Served asset /jquery.js - 304 Not Modified (1ms)


Started GET "/assets/jquery_ujs.js?body=1" for 127.0.0.1 at 2012-11-03 23:19:24 -0700
Served asset /jquery_ujs.js - 304 Not Modified (0ms)


Started GET "/assets/bootstrap-responsive.css" for 127.0.0.1 at 2012-11-03 23:19:24 -0700
Served asset /bootstrap-responsive.css - 304 Not Modified (0ms)


Started GET "/assets/global.css" for 127.0.0.1 at 2012-11-03 23:19:24 -0700
Served asset /global.css - 304 Not Modified (0ms)


Started GET "/assets/bootstrap.js?body=1" for 127.0.0.1 at 2012-11-03 23:19:24 -0700
Served asset /bootstrap.js - 304 Not Modified (0ms)


Started GET "/assets/profiles.js?body=1" for 127.0.0.1 at 2012-11-03 23:19:24 -0700
Served asset /profiles.js - 304 Not Modified (0ms)


Started GET "/assets/log_in.js?body=1" for 127.0.0.1 at 2012-11-03 23:19:24 -0700
Served asset /log_in.js - 304 Not Modified (0ms)


Started GET "/assets/private_messages.js?body=1" for 127.0.0.1 at 2012-11-03 23:19:24 -0700
Served asset /private_messages.js - 304 Not Modified (0ms)


Started GET "/assets/searches.js?body=1" for 127.0.0.1 at 2012-11-03 23:19:24 -0700
Served asset /searches.js - 304 Not Modified (0ms)


Started GET "/assets/application.js?body=1" for 127.0.0.1 at 2012-11-03 23:19:24 -0700
Served asset /application.js - 304 Not Modified (3ms)


Started GET "/assets/statuses.js?body=1" for 127.0.0.1 at 2012-11-03 23:19:24 -0700
Served asset /statuses.js - 304 Not Modified (0ms)


Started GET "/assets/bootstrap.js?body=1" for 127.0.0.1 at 2012-11-03 23:19:24 -0700
Served asset /bootstrap.js - 304 Not Modified (0ms)


Started GET "/username_recovery" for 127.0.0.1 at 2012-11-03 23:19:27 -0700
Processing by UsernameRecoveryController#index as HTML
  [1m[35mUser Load (0.1ms)[0m  SELECT "users".* FROM "users" 
  Rendered username_recovery/index.html.haml within layouts/application (1.0ms)
Completed 200 OK in 6ms (Views: 5.2ms | ActiveRecord: 0.1ms)


Started GET "/assets/bootstrap.css" for 127.0.0.1 at 2012-11-03 23:19:27 -0700
Served asset /bootstrap.css - 304 Not Modified (0ms)


Started GET "/assets/bootstrap.js?body=1" for 127.0.0.1 at 2012-11-03 23:19:27 -0700
Served asset /bootstrap.js - 304 Not Modified (0ms)


Started GET "/assets/jquery.js?body=1" for 127.0.0.1 at 2012-11-03 23:19:27 -0700
Served asset /jquery.js - 304 Not Modified (5ms)


Started GET "/assets/global.css" for 127.0.0.1 at 2012-11-03 23:19:27 -0700
Served asset /global.css - 304 Not Modified (0ms)


Started GET "/assets/bootstrap-responsive.css" for 127.0.0.1 at 2012-11-03 23:19:27 -0700
Served asset /bootstrap-responsive.css - 304 Not Modified (0ms)


Started GET "/assets/jquery_ujs.js?body=1" for 127.0.0.1 at 2012-11-03 23:19:27 -0700
Served asset /jquery_ujs.js - 304 Not Modified (0ms)


Started GET "/assets/log_in.js?body=1" for 127.0.0.1 at 2012-11-03 23:19:27 -0700
Served asset /log_in.js - 304 Not Modified (0ms)


Started GET "/assets/profiles.js?body=1" for 127.0.0.1 at 2012-11-03 23:19:27 -0700
Served asset /profiles.js - 304 Not Modified (0ms)


Started GET "/assets/searches.js?body=1" for 127.0.0.1 at 2012-11-03 23:19:27 -0700
Served asset /searches.js - 304 Not Modified (0ms)


Started GET "/assets/application.js?body=1" for 127.0.0.1 at 2012-11-03 23:19:27 -0700
Served asset /application.js - 304 Not Modified (16ms)


Started GET "/assets/statuses.js?body=1" for 127.0.0.1 at 2012-11-03 23:19:27 -0700
Served asset /statuses.js - 304 Not Modified (0ms)


Started GET "/assets/private_messages.js?body=1" for 127.0.0.1 at 2012-11-03 23:19:27 -0700
Served asset /private_messages.js - 304 Not Modified (0ms)


Started GET "/assets/bootstrap.js?body=1" for 127.0.0.1 at 2012-11-03 23:19:27 -0700
Served asset /bootstrap.js - 304 Not Modified (0ms)


Started GET "/log_in" for 127.0.0.1 at 2012-11-05 09:01:38 -0800
Connecting to database specified by database.yml
Processing by LogInController#index as HTML
  [1m[36mUser Load (0.1ms)[0m  [1mSELECT "users".* FROM "users" [0m
  Rendered log_in/index.html.haml within layouts/application (3.6ms)
Completed 200 OK in 152ms (Views: 88.2ms | ActiveRecord: 5.1ms)


Started GET "/assets/bootstrap.css" for 127.0.0.1 at 2012-11-05 09:01:39 -0800
Served asset /bootstrap.css - 200 OK (34ms)


Started GET "/assets/global.css" for 127.0.0.1 at 2012-11-05 09:01:39 -0800
Served asset /global.css - 200 OK (22ms)


Started GET "/assets/jquery_ujs.js?body=1" for 127.0.0.1 at 2012-11-05 09:01:39 -0800
Served asset /jquery_ujs.js - 200 OK (2ms)


Started GET "/assets/bootstrap-responsive.css" for 127.0.0.1 at 2012-11-05 09:01:39 -0800
Served asset /bootstrap-responsive.css - 200 OK (32ms)


Started GET "/assets/bootstrap.js?body=1" for 127.0.0.1 at 2012-11-05 09:01:39 -0800
Served asset /bootstrap.js - 200 OK (1ms)


Started GET "/assets/jquery.js?body=1" for 127.0.0.1 at 2012-11-05 09:01:39 -0800
Served asset /jquery.js - 200 OK (42ms)


Started GET "/assets/log_in.js?body=1" for 127.0.0.1 at 2012-11-05 09:01:40 -0800
Served asset /log_in.js - 200 OK (14ms)


Started GET "/assets/private_messages.js?body=1" for 127.0.0.1 at 2012-11-05 09:01:40 -0800
Served asset /private_messages.js - 200 OK (1ms)


Started GET "/assets/profiles.js?body=1" for 127.0.0.1 at 2012-11-05 09:01:40 -0800
Served asset /profiles.js - 200 OK (1ms)


Started GET "/assets/searches.js?body=1" for 127.0.0.1 at 2012-11-05 09:01:40 -0800
Served asset /searches.js - 200 OK (3ms)


Started GET "/assets/statuses.js?body=1" for 127.0.0.1 at 2012-11-05 09:01:40 -0800
Served asset /statuses.js - 200 OK (1ms)


Started GET "/assets/application.js?body=1" for 127.0.0.1 at 2012-11-05 09:01:40 -0800
Served asset /application.js - 200 OK (93ms)


Started GET "/assets/bootstrap.js?body=1" for 127.0.0.1 at 2012-11-05 09:01:40 -0800
Served asset /bootstrap.js - 304 Not Modified (0ms)


Started GET "/assets/ico/favicon.ico" for 127.0.0.1 at 2012-11-05 09:01:40 -0800
Served asset /ico/favicon.ico - 404 Not Found (19ms)

ActionController::RoutingError (No route matches [GET] "/assets/ico/favicon.ico"):
  actionpack (3.2.8) lib/action_dispatch/middleware/debug_exceptions.rb:21:in `call'
  actionpack (3.2.8) lib/action_dispatch/middleware/show_exceptions.rb:56:in `call'
  railties (3.2.8) lib/rails/rack/logger.rb:26:in `call_app'
  railties (3.2.8) lib/rails/rack/logger.rb:16:in `call'
  actionpack (3.2.8) lib/action_dispatch/middleware/request_id.rb:22:in `call'
  rack (1.4.1) lib/rack/methodoverride.rb:21:in `call'
  rack (1.4.1) lib/rack/runtime.rb:17:in `call'
  activesupport (3.2.8) lib/active_support/cache/strategy/local_cache.rb:72:in `call'
  rack (1.4.1) lib/rack/lock.rb:15:in `call'
  actionpack (3.2.8) lib/action_dispatch/middleware/static.rb:62:in `call'
  railties (3.2.8) lib/rails/engine.rb:479:in `call'
  railties (3.2.8) lib/rails/application.rb:223:in `call'
  rack (1.4.1) lib/rack/content_length.rb:14:in `call'
  railties (3.2.8) lib/rails/rack/log_tailer.rb:17:in `call'
  rack (1.4.1) lib/rack/handler/webrick.rb:59:in `service'
  /home/apple/.rvm/rubies/ruby-1.9.2-p320/lib/ruby/1.9.1/webrick/httpserver.rb:111:in `service'
  /home/apple/.rvm/rubies/ruby-1.9.2-p320/lib/ruby/1.9.1/webrick/httpserver.rb:70:in `run'
  /home/apple/.rvm/rubies/ruby-1.9.2-p320/lib/ruby/1.9.1/webrick/server.rb:183:in `block in start_thread'


  Rendered /home/apple/.rvm/gems/ruby-1.9.2-p320/gems/actionpack-3.2.8/lib/action_dispatch/middleware/templates/rescues/routing_error.erb within rescues/layout (0.7ms)


Started GET "/assets/ico/favicon.ico" for 127.0.0.1 at 2012-11-05 09:01:40 -0800
Served asset /ico/favicon.ico - 404 Not Found (70ms)

ActionController::RoutingError (No route matches [GET] "/assets/ico/favicon.ico"):
  actionpack (3.2.8) lib/action_dispatch/middleware/debug_exceptions.rb:21:in `call'
  actionpack (3.2.8) lib/action_dispatch/middleware/show_exceptions.rb:56:in `call'
  railties (3.2.8) lib/rails/rack/logger.rb:26:in `call_app'
  railties (3.2.8) lib/rails/rack/logger.rb:16:in `call'
  actionpack (3.2.8) lib/action_dispatch/middleware/request_id.rb:22:in `call'
  rack (1.4.1) lib/rack/methodoverride.rb:21:in `call'
  rack (1.4.1) lib/rack/runtime.rb:17:in `call'
  activesupport (3.2.8) lib/active_support/cache/strategy/local_cache.rb:72:in `call'
  rack (1.4.1) lib/rack/lock.rb:15:in `call'
  actionpack (3.2.8) lib/action_dispatch/middleware/static.rb:62:in `call'
  railties (3.2.8) lib/rails/engine.rb:479:in `call'
  railties (3.2.8) lib/rails/application.rb:223:in `call'
  rack (1.4.1) lib/rack/content_length.rb:14:in `call'
  railties (3.2.8) lib/rails/rack/log_tailer.rb:17:in `call'
  rack (1.4.1) lib/rack/handler/webrick.rb:59:in `service'
  /home/apple/.rvm/rubies/ruby-1.9.2-p320/lib/ruby/1.9.1/webrick/httpserver.rb:111:in `service'
  /home/apple/.rvm/rubies/ruby-1.9.2-p320/lib/ruby/1.9.1/webrick/httpserver.rb:70:in `run'
  /home/apple/.rvm/rubies/ruby-1.9.2-p320/lib/ruby/1.9.1/webrick/server.rb:183:in `block in start_thread'


  Rendered /home/apple/.rvm/gems/ruby-1.9.2-p320/gems/actionpack-3.2.8/lib/action_dispatch/middleware/templates/rescues/routing_error.erb within rescues/layout (0.4ms)


Started GET "/password_recovery" for 127.0.0.1 at 2012-11-05 09:01:41 -0800
Processing by PasswordRecoveryController#index as HTML
  [1m[35mUser Load (0.2ms)[0m  SELECT "users".* FROM "users" 
  Rendered password_recovery/index.html.haml within layouts/application (9.4ms)
Completed 200 OK in 34ms (Views: 33.4ms | ActiveRecord: 0.2ms)


Started GET "/assets/jquery.js?body=1" for 127.0.0.1 at 2012-11-05 09:01:41 -0800
Served asset /jquery.js - 304 Not Modified (2ms)


Started GET "/assets/log_in.js?body=1" for 127.0.0.1 at 2012-11-05 09:01:42 -0800
Served asset /log_in.js - 304 Not Modified (0ms)


Started GET "/assets/private_messages.js?body=1" for 127.0.0.1 at 2012-11-05 09:01:42 -0800
Served asset /private_messages.js - 304 Not Modified (0ms)


Started GET "/assets/jquery_ujs.js?body=1" for 127.0.0.1 at 2012-11-05 09:01:42 -0800
Served asset /jquery_ujs.js - 304 Not Modified (0ms)


Started GET "/assets/profiles.js?body=1" for 127.0.0.1 at 2012-11-05 09:01:42 -0800
Served asset /profiles.js - 304 Not Modified (0ms)


Started GET "/assets/bootstrap.js?body=1" for 127.0.0.1 at 2012-11-05 09:01:42 -0800
Served asset /bootstrap.js - 304 Not Modified (0ms)


Started GET "/assets/application.js?body=1" for 127.0.0.1 at 2012-11-05 09:01:42 -0800
Served asset /application.js - 304 Not Modified (3ms)


Started GET "/assets/statuses.js?body=1" for 127.0.0.1 at 2012-11-05 09:01:42 -0800
Served asset /statuses.js - 304 Not Modified (0ms)


Started GET "/assets/searches.js?body=1" for 127.0.0.1 at 2012-11-05 09:01:42 -0800
Served asset /searches.js - 304 Not Modified (0ms)


Started GET "/assets/bootstrap.js?body=1" for 127.0.0.1 at 2012-11-05 09:01:42 -0800
Served asset /bootstrap.js - 304 Not Modified (0ms)


Started GET "/username_recovery" for 127.0.0.1 at 2012-11-05 09:01:45 -0800
Processing by UsernameRecoveryController#index as HTML
  [1m[36mUser Load (0.2ms)[0m  [1mSELECT "users".* FROM "users" [0m
  Rendered username_recovery/index.html.haml within layouts/application (1.8ms)
Completed 200 OK in 23ms (Views: 22.6ms | ActiveRecord: 0.2ms)


Started GET "/assets/jquery.js?body=1" for 127.0.0.1 at 2012-11-05 09:01:45 -0800
Served asset /jquery.js - 304 Not Modified (1ms)


Started GET "/assets/jquery_ujs.js?body=1" for 127.0.0.1 at 2012-11-05 09:01:45 -0800
Served asset /jquery_ujs.js - 304 Not Modified (0ms)


Started GET "/assets/private_messages.js?body=1" for 127.0.0.1 at 2012-11-05 09:01:45 -0800
Served asset /private_messages.js - 304 Not Modified (0ms)


Started GET "/assets/log_in.js?body=1" for 127.0.0.1 at 2012-11-05 09:01:45 -0800
Served asset /log_in.js - 304 Not Modified (0ms)


Started GET "/assets/bootstrap.js?body=1" for 127.0.0.1 at 2012-11-05 09:01:46 -0800
Served asset /bootstrap.js - 304 Not Modified (0ms)


Started GET "/assets/profiles.js?body=1" for 127.0.0.1 at 2012-11-05 09:01:46 -0800
Served asset /profiles.js - 304 Not Modified (0ms)


Started GET "/assets/searches.js?body=1" for 127.0.0.1 at 2012-11-05 09:01:46 -0800
Served asset /searches.js - 304 Not Modified (0ms)


Started GET "/assets/application.js?body=1" for 127.0.0.1 at 2012-11-05 09:01:46 -0800
Served asset /application.js - 304 Not Modified (13ms)


Started GET "/assets/statuses.js?body=1" for 127.0.0.1 at 2012-11-05 09:01:46 -0800
Served asset /statuses.js - 304 Not Modified (0ms)


Started GET "/assets/bootstrap.js?body=1" for 127.0.0.1 at 2012-11-05 09:01:46 -0800
Served asset /bootstrap.js - 304 Not Modified (0ms)
